<?xml version="1.0" encoding="UTF-8"?>
<testng-results ignored="0" total="1" passed="1" failed="0" skipped="0">
  <reporter-output>
  </reporter-output>
  <suite started-at="2021-09-28T16:02:15 IST" name="Default suite" finished-at="2021-09-28T16:02:46 IST" duration-ms="30691">
    <groups>
    </groups>
    <test started-at="2021-09-28T16:02:15 IST" name="Default test" finished-at="2021-09-28T16:02:46 IST" duration-ms="30691">
      <class name="seleniumprojectpack.Recorderscript">
        <test-method is-config="true" signature="setup(java.lang.String)[pri:0, instance:seleniumprojectpack.Recorderscript@48f278eb]" started-at="2021-09-28T16:02:15 IST" name="setup" finished-at="2021-09-28T16:02:23 IST" duration-ms="8054" status="PASS">
          <params>
            <param index="0">
              <value>
                <![CDATA[Firefox]]>
              </value>
            </param>
          </params>
          <reporter-output>
          </reporter-output>
        </test-method> <!-- setup -->
        <test-method signature="testParameterWithXML()[pri:0, instance:seleniumprojectpack.Recorderscript@48f278eb]" started-at="2021-09-28T16:02:23 IST" name="testParameterWithXML" finished-at="2021-09-28T16:02:46 IST" duration-ms="22571" status="PASS">
          <reporter-output>
          </reporter-output>
        </test-method> <!-- testParameterWithXML -->
      </class> <!-- seleniumprojectpack.Recorderscript -->
    </test> <!-- Default test -->
  </suite> <!-- Default suite -->
</testng-results>
